2026-01-02T18:47:19.518917Z 0 [System] [MY-010116] [Server] C:\Program Files\MySQL\MySQL Server 8.0\bin\mysqld.exe (mysqld 8.0.44) starting as process 3044
2026-01-02T18:47:19.537704Z 1 [System] [MY-013576] [InnoDB] InnoDB initialization has started.
2026-01-02T18:47:19.866439Z 1 [System] [MY-013577] [InnoDB] InnoDB initialization has ended.
2026-01-02T18:47:20.262068Z 0 [Warning] [MY-010068] [Server] CA certificate ca.pem is self signed.
2026-01-02T18:47:20.264016Z 0 [System] [MY-013602] [Server] Channel mysql_main configured to support TLS. Encrypted connections are now supported for this channel.
2026-01-02T18:47:20.334950Z 0 [System] [MY-011323] [Server] X Plugin ready for connections. Bind-address: '::' port: 33060
2026-01-02T18:47:20.335136Z 0 [System] [MY-010931] [Server] C:\Program Files\MySQL\MySQL Server 8.0\bin\mysqld.exe: ready for connections. Version: '8.0.44'  socket: ''  port: 3306  MySQL Community Server - GPL.
2026-01-03T10:19:34.734516Z 0 [System] [MY-013105] [Server] C:\Program Files\MySQL\MySQL Server 8.0\bin\mysqld.exe: Normal shutdown.
2026-01-03T10:19:36.182165Z 0 [System] [MY-010910] [Server] C:\Program Files\MySQL\MySQL Server 8.0\bin\mysqld.exe: Shutdown complete (mysqld 8.0.44)  MySQL Community Server - GPL.
2026-01-03T10:20:03.517459Z 0 [System] [MY-010116] [Server] C:\Program Files\MySQL\MySQL Server 8.0\bin\mysqld.exe (mysqld 8.0.44) starting as process 6072
2026-01-03T10:20:03.589885Z 1 [System] [MY-013576] [InnoDB] InnoDB initialization has started.
2026-01-03T10:20:04.923248Z 1 [System] [MY-013577] [InnoDB] InnoDB initialization has ended.
2026-01-03T10:20:06.058711Z 0 [Warning] [MY-010068] [Server] CA certificate ca.pem is self signed.
2026-01-03T10:20:06.059081Z 0 [System] [MY-013602] [Server] Channel mysql_main configured to support TLS. Encrypted connections are now supported for this channel.
2026-01-03T10:20:06.303450Z 0 [System] [MY-011323] [Server] X Plugin ready for connections. Bind-address: '::' port: 33060
2026-01-03T10:20:06.303572Z 0 [System] [MY-010931] [Server] C:\Program Files\MySQL\MySQL Server 8.0\bin\mysqld.exe: ready for connections. Version: '8.0.44'  socket: ''  port: 3306  MySQL Community Server - GPL.
2026-01-03T11:37:19.944401Z 8 [Warning] [MY-013360] [Server] Plugin mysql_native_password reported: ''mysql_native_password' is deprecated and will be removed in a future release. Please use caching_sha2_password instead'
2026-01-03T12:28:55.658649Z 0 [System] [MY-013105] [Server] C:\Program Files\MySQL\MySQL Server 8.0\bin\mysqld.exe: Normal shutdown.
2026-01-03T12:28:57.102780Z 0 [System] [MY-010910] [Server] C:\Program Files\MySQL\MySQL Server 8.0\bin\mysqld.exe: Shutdown complete (mysqld 8.0.44)  MySQL Community Server - GPL.
2026-01-03T12:29:31.472517Z 0 [System] [MY-010116] [Server] C:\Program Files\MySQL\MySQL Server 8.0\bin\mysqld.exe (mysqld 8.0.44) starting as process 5952
2026-01-03T12:29:31.541027Z 1 [System] [MY-013576] [InnoDB] InnoDB initialization has started.
2026-01-03T12:29:32.056600Z 1 [System] [MY-013577] [InnoDB] InnoDB initialization has ended.
2026-01-03T12:29:32.552034Z 0 [Warning] [MY-010068] [Server] CA certificate ca.pem is self signed.
2026-01-03T12:29:32.552502Z 0 [System] [MY-013602] [Server] Channel mysql_main configured to support TLS. Encrypted connections are now supported for this channel.
2026-01-03T12:29:32.613801Z 0 [System] [MY-011323] [Server] X Plugin ready for connections. Bind-address: '::' port: 33060
2026-01-03T12:29:32.613903Z 0 [System] [MY-010931] [Server] C:\Program Files\MySQL\MySQL Server 8.0\bin\mysqld.exe: ready for connections. Version: '8.0.44'  socket: ''  port: 3306  MySQL Community Server - GPL.
2026-01-04T06:50:12.270943Z 0 [System] [MY-010116] [Server] C:\Program Files\MySQL\MySQL Server 8.0\bin\mysqld.exe (mysqld 8.0.44) starting as process 5856
2026-01-04T06:50:12.359022Z 1 [System] [MY-013576] [InnoDB] InnoDB initialization has started.
2026-01-04T06:50:13.270705Z 1 [System] [MY-013577] [InnoDB] InnoDB initialization has ended.
2026-01-04T06:50:13.612187Z 0 [System] [MY-010229] [Server] Starting XA crash recovery...
2026-01-04T06:50:13.616387Z 0 [System] [MY-010232] [Server] XA crash recovery finished.
2026-01-04T06:50:13.718675Z 0 [Warning] [MY-010068] [Server] CA certificate ca.pem is self signed.
2026-01-04T06:50:13.719018Z 0 [System] [MY-013602] [Server] Channel mysql_main configured to support TLS. Encrypted connections are now supported for this channel.
2026-01-04T06:50:13.765477Z 0 [System] [MY-011323] [Server] X Plugin ready for connections. Bind-address: '::' port: 33060
2026-01-04T06:50:13.765613Z 0 [System] [MY-010931] [Server] C:\Program Files\MySQL\MySQL Server 8.0\bin\mysqld.exe: ready for connections. Version: '8.0.44'  socket: ''  port: 3306  MySQL Community Server - GPL.
2026-01-05T05:54:58.447299Z 0 [System] [MY-010116] [Server] C:\Program Files\MySQL\MySQL Server 8.0\bin\mysqld.exe (mysqld 8.0.44) starting as process 5376
2026-01-05T05:54:58.548342Z 1 [System] [MY-013576] [InnoDB] InnoDB initialization has started.
2026-01-05T05:54:59.406189Z 1 [System] [MY-013577] [InnoDB] InnoDB initialization has ended.
2026-01-05T05:54:59.820952Z 0 [System] [MY-010229] [Server] Starting XA crash recovery...
2026-01-05T05:54:59.828181Z 0 [System] [MY-010232] [Server] XA crash recovery finished.
2026-01-05T05:54:59.926736Z 0 [Warning] [MY-010068] [Server] CA certificate ca.pem is self signed.
2026-01-05T05:54:59.927166Z 0 [System] [MY-013602] [Server] Channel mysql_main configured to support TLS. Encrypted connections are now supported for this channel.
2026-01-05T05:54:59.988053Z 0 [System] [MY-011323] [Server] X Plugin ready for connections. Bind-address: '::' port: 33060
2026-01-05T05:54:59.988094Z 0 [System] [MY-010931] [Server] C:\Program Files\MySQL\MySQL Server 8.0\bin\mysqld.exe: ready for connections. Version: '8.0.44'  socket: ''  port: 3306  MySQL Community Server - GPL.
2026-01-05T05:57:31.340122Z 0 [System] [MY-010116] [Server] C:\Program Files\MySQL\MySQL Server 8.0\bin\mysqld.exe (mysqld 8.0.44) starting as process 5908
2026-01-05T05:57:31.425819Z 1 [System] [MY-013576] [InnoDB] InnoDB initialization has started.
2026-01-05T05:57:32.286701Z 1 [System] [MY-013577] [InnoDB] InnoDB initialization has ended.
2026-01-05T05:57:32.604781Z 0 [System] [MY-010229] [Server] Starting XA crash recovery...
2026-01-05T05:57:32.609373Z 0 [System] [MY-010232] [Server] XA crash recovery finished.
2026-01-05T05:57:32.759869Z 0 [Warning] [MY-010068] [Server] CA certificate ca.pem is self signed.
2026-01-05T05:57:32.760221Z 0 [System] [MY-013602] [Server] Channel mysql_main configured to support TLS. Encrypted connections are now supported for this channel.
2026-01-05T05:57:32.804263Z 0 [System] [MY-011323] [Server] X Plugin ready for connections. Bind-address: '::' port: 33060
2026-01-05T05:57:32.804295Z 0 [System] [MY-010931] [Server] C:\Program Files\MySQL\MySQL Server 8.0\bin\mysqld.exe: ready for connections. Version: '8.0.44'  socket: ''  port: 3306  MySQL Community Server - GPL.
2026-01-05T06:25:34.716793Z 8 [Warning] [MY-013360] [Server] Plugin sha256_password reported: ''sha256_password' is deprecated and will be removed in a future release. Please use caching_sha2_password instead'
2026-01-05T12:14:30.561475Z 15 [System] [MY-013172] [Server] Received SHUTDOWN from user root. Shutting down mysqld (Version: 8.0.44).
2026-01-05T12:14:30.576361Z 0 [System] [MY-013105] [Server] C:\Program Files\MySQL\MySQL Server 8.0\bin\mysqld.exe: Normal shutdown.
2026-01-05T12:14:32.106520Z 0 [System] [MY-010910] [Server] C:\Program Files\MySQL\MySQL Server 8.0\bin\mysqld.exe: Shutdown complete (mysqld 8.0.44)  MySQL Community Server - GPL.
2026-01-05T12:14:33.805549Z 0 [System] [MY-010116] [Server] C:\Program Files\MySQL\MySQL Server 8.0\bin\mysqld.exe (mysqld 8.0.44) starting as process 2544
2026-01-05T12:14:33.841378Z 1 [System] [MY-013576] [InnoDB] InnoDB initialization has started.
2026-01-05T12:14:34.283319Z 1 [System] [MY-013577] [InnoDB] InnoDB initialization has ended.
2026-01-05T12:14:34.685296Z 0 [Warning] [MY-010068] [Server] CA certificate ca.pem is self signed.
2026-01-05T12:14:34.685710Z 0 [System] [MY-013602] [Server] Channel mysql_main configured to support TLS. Encrypted connections are now supported for this channel.
2026-01-05T12:14:34.733066Z 0 [System] [MY-010931] [Server] C:\Program Files\MySQL\MySQL Server 8.0\bin\mysqld.exe: ready for connections. Version: '8.0.44'  socket: ''  port: 3307  MySQL Community Server - GPL.
2026-01-05T12:14:34.733346Z 0 [System] [MY-011323] [Server] X Plugin ready for connections. Bind-address: '::' port: 33070
2026-01-05T12:18:14.478956Z 14 [System] [MY-013172] [Server] Received SHUTDOWN from user root. Shutting down mysqld (Version: 8.0.44).
2026-01-05T12:18:14.479925Z 0 [System] [MY-013105] [Server] C:\Program Files\MySQL\MySQL Server 8.0\bin\mysqld.exe: Normal shutdown.
2026-01-05T12:18:16.491979Z 0 [Warning] [MY-010909] [Server] C:\Program Files\MySQL\MySQL Server 8.0\bin\mysqld.exe: Forcing close of thread 10  user: 'root'.
2026-01-05T12:18:16.496279Z 0 [Warning] [MY-010909] [Server] C:\Program Files\MySQL\MySQL Server 8.0\bin\mysqld.exe: Forcing close of thread 11  user: 'root'.
2026-01-05T12:18:17.181746Z 0 [System] [MY-010910] [Server] C:\Program Files\MySQL\MySQL Server 8.0\bin\mysqld.exe: Shutdown complete (mysqld 8.0.44)  MySQL Community Server - GPL.
2026-01-05T12:18:19.570271Z 0 [System] [MY-010116] [Server] C:\Program Files\MySQL\MySQL Server 8.0\bin\mysqld.exe (mysqld 8.0.44) starting as process 28676
2026-01-05T12:18:19.584949Z 1 [System] [MY-013576] [InnoDB] InnoDB initialization has started.
2026-01-05T12:18:19.969434Z 1 [System] [MY-013577] [InnoDB] InnoDB initialization has ended.
2026-01-05T12:18:20.289939Z 0 [Warning] [MY-010068] [Server] CA certificate ca.pem is self signed.
2026-01-05T12:18:20.290325Z 0 [System] [MY-013602] [Server] Channel mysql_main configured to support TLS. Encrypted connections are now supported for this channel.
2026-01-05T12:18:20.341201Z 0 [System] [MY-011323] [Server] X Plugin ready for connections. Bind-address: '::' port: 33060
2026-01-05T12:18:20.341231Z 0 [System] [MY-010931] [Server] C:\Program Files\MySQL\MySQL Server 8.0\bin\mysqld.exe: ready for connections. Version: '8.0.44'  socket: ''  port: 3306  MySQL Community Server - GPL.
2026-01-05T12:19:55.586371Z 11 [System] [MY-013172] [Server] Received SHUTDOWN from user root. Shutting down mysqld (Version: 8.0.44).
2026-01-05T12:19:55.586986Z 0 [System] [MY-013105] [Server] C:\Program Files\MySQL\MySQL Server 8.0\bin\mysqld.exe: Normal shutdown.
2026-01-05T12:19:56.386464Z 0 [System] [MY-010910] [Server] C:\Program Files\MySQL\MySQL Server 8.0\bin\mysqld.exe: Shutdown complete (mysqld 8.0.44)  MySQL Community Server - GPL.
2026-01-05T12:19:57.730238Z 0 [System] [MY-010116] [Server] C:\Program Files\MySQL\MySQL Server 8.0\bin\mysqld.exe (mysqld 8.0.44) starting as process 31456
2026-01-05T12:19:57.740404Z 1 [System] [MY-013576] [InnoDB] InnoDB initialization has started.
2026-01-05T12:19:58.148700Z 1 [System] [MY-013577] [InnoDB] InnoDB initialization has ended.
2026-01-05T12:19:58.487683Z 0 [Warning] [MY-010068] [Server] CA certificate ca.pem is self signed.
2026-01-05T12:19:58.488051Z 0 [System] [MY-013602] [Server] Channel mysql_main configured to support TLS. Encrypted connections are now supported for this channel.
2026-01-05T12:19:58.540965Z 0 [System] [MY-011323] [Server] X Plugin ready for connections. Bind-address: '::' port: 33070
2026-01-05T12:19:58.541079Z 0 [System] [MY-010931] [Server] C:\Program Files\MySQL\MySQL Server 8.0\bin\mysqld.exe: ready for connections. Version: '8.0.44'  socket: ''  port: 3307  MySQL Community Server - GPL.
2026-01-05T17:47:41.286443Z 0 [System] [MY-010116] [Server] C:\MySQLDev\bin\mysqld (mysqld 8.0.44) starting as process 33316
2026-01-05T17:47:41.318489Z 1 [System] [MY-013576] [InnoDB] InnoDB initialization has started.
2026-01-05T17:47:42.494894Z 1 [System] [MY-013577] [InnoDB] InnoDB initialization has ended.
2026-01-05T17:47:43.137942Z 0 [Warning] [MY-010068] [Server] CA certificate ca.pem is self signed.
2026-01-05T17:47:43.139959Z 0 [System] [MY-013602] [Server] Channel mysql_main configured to support TLS. Encrypted connections are now supported for this channel.
2026-01-05T17:47:43.412341Z 0 [System] [MY-011323] [Server] X Plugin ready for connections. Bind-address: '::' port: 33060
2026-01-05T17:47:43.412599Z 0 [System] [MY-010931] [Server] C:\MySQLDev\bin\mysqld: ready for connections. Version: '8.0.44'  socket: ''  port: 3306  MySQL Community Server - GPL.
2026-01-05T18:09:08.122338Z 0 [System] [MY-010116] [Server] C:\MySQLDev\bin\mysqld (mysqld 8.0.44) starting as process 5980
2026-01-05T18:09:08.209539Z 1 [System] [MY-013576] [InnoDB] InnoDB initialization has started.
2026-01-05T18:09:09.255040Z 1 [System] [MY-013577] [InnoDB] InnoDB initialization has ended.
2026-01-05T18:09:09.627841Z 0 [System] [MY-010229] [Server] Starting XA crash recovery...
2026-01-05T18:09:09.632550Z 0 [System] [MY-010232] [Server] XA crash recovery finished.
2026-01-05T18:09:09.798864Z 0 [Warning] [MY-010068] [Server] CA certificate ca.pem is self signed.
2026-01-05T18:09:09.799460Z 0 [System] [MY-013602] [Server] Channel mysql_main configured to support TLS. Encrypted connections are now supported for this channel.
2026-01-05T18:09:09.860949Z 0 [System] [MY-011323] [Server] X Plugin ready for connections. Bind-address: '::' port: 33060
2026-01-05T18:09:09.861137Z 0 [System] [MY-010931] [Server] C:\MySQLDev\bin\mysqld: ready for connections. Version: '8.0.44'  socket: ''  port: 3306  MySQL Community Server - GPL.
2026-01-05T18:22:23.383852Z 8 [Warning] [MY-013360] [Server] Plugin sha256_password reported: ''sha256_password' is deprecated and will be removed in a future release. Please use caching_sha2_password instead'
2026-01-05T18:36:31.335656Z 9 [Warning] [MY-013360] [Server] Plugin sha256_password reported: ''sha256_password' is deprecated and will be removed in a future release. Please use caching_sha2_password instead'
2026-01-05T18:37:19.308458Z 10 [Warning] [MY-013360] [Server] Plugin sha256_password reported: ''sha256_password' is deprecated and will be removed in a future release. Please use caching_sha2_password instead'
2026-01-05T18:39:23.141285Z 16 [Warning] [MY-013360] [Server] Plugin sha256_password reported: ''sha256_password' is deprecated and will be removed in a future release. Please use caching_sha2_password instead'
2026-01-05T18:40:44.140056Z 17 [Warning] [MY-013360] [Server] Plugin sha256_password reported: ''sha256_password' is deprecated and will be removed in a future release. Please use caching_sha2_password instead'
2026-01-05T18:42:01.400993Z 18 [Warning] [MY-013360] [Server] Plugin sha256_password reported: ''sha256_password' is deprecated and will be removed in a future release. Please use caching_sha2_password instead'
2026-01-05T18:43:13.753574Z 19 [Warning] [MY-013360] [Server] Plugin sha256_password reported: ''sha256_password' is deprecated and will be removed in a future release. Please use caching_sha2_password instead'
2026-01-05T18:45:11.961245Z 22 [Warning] [MY-013360] [Server] Plugin sha256_password reported: ''sha256_password' is deprecated and will be removed in a future release. Please use caching_sha2_password instead'
2026-01-05T18:56:27.265935Z 73 [Warning] [MY-013360] [Server] Plugin sha256_password reported: ''sha256_password' is deprecated and will be removed in a future release. Please use caching_sha2_password instead'
2026-01-05T18:56:50.104236Z 74 [Warning] [MY-013360] [Server] Plugin sha256_password reported: ''sha256_password' is deprecated and will be removed in a future release. Please use caching_sha2_password instead'
2026-01-05T20:42:57.438441Z 235 [Warning] [MY-013360] [Server] Plugin sha256_password reported: ''sha256_password' is deprecated and will be removed in a future release. Please use caching_sha2_password instead'
2026-01-06T07:17:07.595304Z 0 [System] [MY-010116] [Server] C:\MySQLDev\bin\mysqld (mysqld 8.0.44) starting as process 5824
2026-01-06T07:17:07.700704Z 1 [System] [MY-013576] [InnoDB] InnoDB initialization has started.
2026-01-06T07:17:08.710038Z 1 [System] [MY-013577] [InnoDB] InnoDB initialization has ended.
2026-01-06T07:17:09.160786Z 0 [System] [MY-010229] [Server] Starting XA crash recovery...
2026-01-06T07:17:09.168904Z 0 [System] [MY-010232] [Server] XA crash recovery finished.
2026-01-06T07:17:09.356297Z 0 [Warning] [MY-010068] [Server] CA certificate ca.pem is self signed.
2026-01-06T07:17:09.356642Z 0 [System] [MY-013602] [Server] Channel mysql_main configured to support TLS. Encrypted connections are now supported for this channel.
2026-01-06T07:17:09.411696Z 0 [System] [MY-011323] [Server] X Plugin ready for connections. Bind-address: '::' port: 33060
2026-01-06T07:17:09.412075Z 0 [System] [MY-010931] [Server] C:\MySQLDev\bin\mysqld: ready for connections. Version: '8.0.44'  socket: ''  port: 3306  MySQL Community Server - GPL.
2026-01-06T11:15:49.526026Z 0 [System] [MY-010116] [Server] C:\MySQLDev\bin\mysqld (mysqld 8.0.44) starting as process 5936
2026-01-06T11:15:49.624039Z 1 [System] [MY-013576] [InnoDB] InnoDB initialization has started.
2026-01-06T11:15:50.664153Z 1 [System] [MY-013577] [InnoDB] InnoDB initialization has ended.
2026-01-06T11:15:51.059349Z 0 [System] [MY-010229] [Server] Starting XA crash recovery...
2026-01-06T11:15:51.065024Z 0 [System] [MY-010232] [Server] XA crash recovery finished.
2026-01-06T11:15:51.221322Z 0 [Warning] [MY-010068] [Server] CA certificate ca.pem is self signed.
2026-01-06T11:15:51.221666Z 0 [System] [MY-013602] [Server] Channel mysql_main configured to support TLS. Encrypted connections are now supported for this channel.
2026-01-06T11:15:51.270787Z 0 [System] [MY-011323] [Server] X Plugin ready for connections. Bind-address: '::' port: 33060
2026-01-06T11:15:51.270959Z 0 [System] [MY-010931] [Server] C:\MySQLDev\bin\mysqld: ready for connections. Version: '8.0.44'  socket: ''  port: 3306  MySQL Community Server - GPL.
